This file contains any messages produced by compilers while
running configure, to aid debugging if configure makes a mistake.

It was created by atque configure 1.1.1, which was
generated by GNU Autoconf 2.68.  Invocation command line was

  $ ./configure 

## --------- ##
## Platform. ##
## --------- ##

hostname = debian
uname -m = x86_64
uname -r = 4.9.0-1-amd64
uname -s = Linux
uname -v = #1 SMP Debian 4.9.6-3 (2017-01-28)

/usr/bin/uname -p = unknown
/bin/uname -X     = unknown

/bin/arch              = x86_64
/usr/bin/arch -k       = unknown
/usr/convex/getsysinfo = unknown
/usr/bin/hostinfo      = unknown
/bin/machine           = unknown
/usr/bin/oslevel       = unknown
/bin/universe          = unknown

PATH: /usr/local/bin
PATH: /usr/bin
PATH: /bin
PATH: /usr/local/games
PATH: /usr/games


## ----------- ##
## Core tests. ##
## ----------- ##

configure:2402: checking for a BSD-compatible install
configure:2470: result: /usr/bin/install -c
configure:2481: checking whether build environment is sane
configure:2531: result: yes
configure:2672: checking for a thread-safe mkdir -p
configure:2711: result: /usr/bin/mkdir -p
configure:2724: checking for gawk
configure:2740: found /usr/bin/gawk
configure:2751: result: gawk
configure:2762: checking whether make sets $(MAKE)
configure:2784: result: yes
configure:2931: checking for gcc
configure:2947: found /usr/bin/gcc
configure:2958: result: gcc
configure:3187: checking for C compiler version
configure:3196: gcc --version >&5
gcc (Debian 6.3.0-5) 6.3.0 20170124
Copyright (C) 2016 Free Software Foundation, Inc.
This is free software; see the source for copying conditions.  There is NO
warranty; not even for MERCHANTABILITY or FITNESS FOR A PARTICULAR PURPOSE.

configure:3207: $? = 0
configure:3196: gcc -v >&5
Using built-in specs.
COLLECT_GCC=gcc
COLLECT_LTO_WRAPPER=/usr/lib/gcc/x86_64-linux-gnu/6/lto-wrapper
Target: x86_64-linux-gnu
Configured with: ../src/configure -v --with-pkgversion='Debian 6.3.0-5' --with-bugurl=file:///usr/share/doc/gcc-6/README.Bugs --enable-languages=c,ada,c++,java,go,d,fortran,objc,obj-c++ --prefix=/usr --program-suffix=-6 --program-prefix=x86_64-linux-gnu- --enable-shared --enable-linker-build-id --libexecdir=/usr/lib --without-included-gettext --enable-threads=posix --libdir=/usr/lib --enable-nls --with-sysroot=/ --enable-clocale=gnu --enable-libstdcxx-debug --enable-libstdcxx-time=yes --with-default-libstdcxx-abi=new --enable-gnu-unique-object --disable-vtable-verify --enable-libmpx --enable-plugin --enable-default-pie --with-system-zlib --disable-browser-plugin --enable-java-awt=gtk --enable-gtk-cairo --with-java-home=/usr/lib/jvm/java-1.5.0-gcj-6-amd64/jre --enable-java-home --with-jvm-root-dir=/usr/lib/jvm/java-1.5.0-gcj-6-amd64 --with-jvm-jar-dir=/usr/lib/jvm-exports/java-1.5.0-gcj-6-amd64 --with-arch-directory=amd64 --with-ecj-jar=/usr/share/java/eclipse-ecj.jar --with-target-system-zlib --enable-objc-gc=auto --enable-multiarch --with-arch-32=i686 --with-abi=m64 --with-multilib-list=m32,m64,mx32 --enable-multilib --with-tune=generic --enable-checking=release --build=x86_64-linux-gnu --host=x86_64-linux-gnu --target=x86_64-linux-gnu
Thread model: posix
gcc version 6.3.0 20170124 (Debian 6.3.0-5) 
configure:3207: $? = 0
configure:3196: gcc -V >&5
gcc: error: unrecognized command line option '-V'
gcc: fatal error: no input files
compilation terminated.
configure:3207: $? = 1
configure:3196: gcc -qversion >&5
gcc: error: unrecognized command line option '-qversion'; did you mean '--version'?
gcc: fatal error: no input files
compilation terminated.
configure:3207: $? = 1
configure:3227: checking whether the C compiler works
configure:3249: gcc    conftest.c  >&5
configure:3253: $? = 0
configure:3301: result: yes
configure:3304: checking for C compiler default output file name
configure:3306: result: a.out
configure:3312: checking for suffix of executables
configure:3319: gcc -o conftest    conftest.c  >&5
configure:3323: $? = 0
configure:3345: result: 
configure:3367: checking whether we are cross compiling
configure:3375: gcc -o conftest    conftest.c  >&5
configure:3379: $? = 0
configure:3386: ./conftest
configure:3390: $? = 0
configure:3405: result: no
configure:3410: checking for suffix of object files
configure:3432: gcc -c   conftest.c >&5
configure:3436: $? = 0
configure:3457: result: o
configure:3461: checking whether we are using the GNU C compiler
configure:3480: gcc -c   conftest.c >&5
configure:3480: $? = 0
configure:3489: result: yes
configure:3498: checking whether gcc accepts -g
configure:3518: gcc -c -g  conftest.c >&5
configure:3518: $? = 0
configure:3559: result: yes
configure:3576: checking for gcc option to accept ISO C89
configure:3640: gcc  -c -g -O2  conftest.c >&5
configure:3640: $? = 0
configure:3653: result: none needed
configure:3684: checking for style of include used by make
configure:3712: result: GNU
configure:3738: checking dependency style of gcc
configure:3849: result: gcc3
configure:3869: checking how to run the C preprocessor
configure:3900: gcc -E  conftest.c
configure:3900: $? = 0
configure:3914: gcc -E  conftest.c
conftest.c:11:28: fatal error: ac_nonexistent.h: No such file or directory
 #include <ac_nonexistent.h>
                            ^
compilation terminated.
configure:3914: $? = 1
configure: failed program was:
| /* confdefs.h */
| #define PACKAGE_NAME "atque"
| #define PACKAGE_TARNAME "atque"
| #define PACKAGE_VERSION "1.1.1"
| #define PACKAGE_STRING "atque 1.1.1"
| #define PACKAGE_BUGREPORT "http://sourceforge.net/tracker/?func=add&group_id=235817&atid=1097912 "
| #define PACKAGE_URL ""
| #define PACKAGE "atque"
| #define VERSION "1.1.1"
| /* end confdefs.h.  */
| #include <ac_nonexistent.h>
configure:3939: result: gcc -E
configure:3959: gcc -E  conftest.c
configure:3959: $? = 0
configure:3973: gcc -E  conftest.c
conftest.c:11:28: fatal error: ac_nonexistent.h: No such file or directory
 #include <ac_nonexistent.h>
                            ^
compilation terminated.
configure:3973: $? = 1
configure: failed program was:
| /* confdefs.h */
| #define PACKAGE_NAME "atque"
| #define PACKAGE_TARNAME "atque"
| #define PACKAGE_VERSION "1.1.1"
| #define PACKAGE_STRING "atque 1.1.1"
| #define PACKAGE_BUGREPORT "http://sourceforge.net/tracker/?func=add&group_id=235817&atid=1097912 "
| #define PACKAGE_URL ""
| #define PACKAGE "atque"
| #define VERSION "1.1.1"
| /* end confdefs.h.  */
| #include <ac_nonexistent.h>
configure:4059: checking for g++
configure:4075: found /usr/bin/g++
configure:4086: result: g++
configure:4113: checking for C++ compiler version
configure:4122: g++ --version >&5
g++ (Debian 6.3.0-5) 6.3.0 20170124
Copyright (C) 2016 Free Software Foundation, Inc.
This is free software; see the source for copying conditions.  There is NO
warranty; not even for MERCHANTABILITY or FITNESS FOR A PARTICULAR PURPOSE.

configure:4133: $? = 0
configure:4122: g++ -v >&5
Using built-in specs.
COLLECT_GCC=g++
COLLECT_LTO_WRAPPER=/usr/lib/gcc/x86_64-linux-gnu/6/lto-wrapper
Target: x86_64-linux-gnu
Configured with: ../src/configure -v --with-pkgversion='Debian 6.3.0-5' --with-bugurl=file:///usr/share/doc/gcc-6/README.Bugs --enable-languages=c,ada,c++,java,go,d,fortran,objc,obj-c++ --prefix=/usr --program-suffix=-6 --program-prefix=x86_64-linux-gnu- --enable-shared --enable-linker-build-id --libexecdir=/usr/lib --without-included-gettext --enable-threads=posix --libdir=/usr/lib --enable-nls --with-sysroot=/ --enable-clocale=gnu --enable-libstdcxx-debug --enable-libstdcxx-time=yes --with-default-libstdcxx-abi=new --enable-gnu-unique-object --disable-vtable-verify --enable-libmpx --enable-plugin --enable-default-pie --with-system-zlib --disable-browser-plugin --enable-java-awt=gtk --enable-gtk-cairo --with-java-home=/usr/lib/jvm/java-1.5.0-gcj-6-amd64/jre --enable-java-home --with-jvm-root-dir=/usr/lib/jvm/java-1.5.0-gcj-6-amd64 --with-jvm-jar-dir=/usr/lib/jvm-exports/java-1.5.0-gcj-6-amd64 --with-arch-directory=amd64 --with-ecj-jar=/usr/share/java/eclipse-ecj.jar --with-target-system-zlib --enable-objc-gc=auto --enable-multiarch --with-arch-32=i686 --with-abi=m64 --with-multilib-list=m32,m64,mx32 --enable-multilib --with-tune=generic --enable-checking=release --build=x86_64-linux-gnu --host=x86_64-linux-gnu --target=x86_64-linux-gnu
Thread model: posix
gcc version 6.3.0 20170124 (Debian 6.3.0-5) 
configure:4133: $? = 0
configure:4122: g++ -V >&5
g++: error: unrecognized command line option '-V'
g++: fatal error: no input files
compilation terminated.
configure:4133: $? = 1
configure:4122: g++ -qversion >&5
g++: error: unrecognized command line option '-qversion'; did you mean '--version'?
g++: fatal error: no input files
compilation terminated.
configure:4133: $? = 1
configure:4137: checking whether we are using the GNU C++ compiler
configure:4156: g++ -c   conftest.cpp >&5
configure:4156: $? = 0
configure:4165: result: yes
configure:4174: checking whether g++ accepts -g
configure:4194: g++ -c -g  conftest.cpp >&5
configure:4194: $? = 0
configure:4235: result: yes
configure:4260: checking dependency style of g++
configure:4371: result: gcc3
configure:4391: checking how to run the C++ preprocessor
configure:4418: g++ -E  conftest.cpp
configure:4418: $? = 0
configure:4432: g++ -E  conftest.cpp
conftest.cpp:11:28: fatal error: ac_nonexistent.h: No such file or directory
 #include <ac_nonexistent.h>
                            ^
compilation terminated.
configure:4432: $? = 1
configure: failed program was:
| /* confdefs.h */
| #define PACKAGE_NAME "atque"
| #define PACKAGE_TARNAME "atque"
| #define PACKAGE_VERSION "1.1.1"
| #define PACKAGE_STRING "atque 1.1.1"
| #define PACKAGE_BUGREPORT "http://sourceforge.net/tracker/?func=add&group_id=235817&atid=1097912 "
| #define PACKAGE_URL ""
| #define PACKAGE "atque"
| #define VERSION "1.1.1"
| /* end confdefs.h.  */
| #include <ac_nonexistent.h>
configure:4457: result: g++ -E
configure:4477: g++ -E  conftest.cpp
configure:4477: $? = 0
configure:4491: g++ -E  conftest.cpp
conftest.cpp:11:28: fatal error: ac_nonexistent.h: No such file or directory
 #include <ac_nonexistent.h>
                            ^
compilation terminated.
configure:4491: $? = 1
configure: failed program was:
| /* confdefs.h */
| #define PACKAGE_NAME "atque"
| #define PACKAGE_TARNAME "atque"
| #define PACKAGE_VERSION "1.1.1"
| #define PACKAGE_STRING "atque 1.1.1"
| #define PACKAGE_BUGREPORT "http://sourceforge.net/tracker/?func=add&group_id=235817&atid=1097912 "
| #define PACKAGE_URL ""
| #define PACKAGE "atque"
| #define VERSION "1.1.1"
| /* end confdefs.h.  */
| #include <ac_nonexistent.h>
configure:4549: checking build system type
configure:4563: result: x86_64-unknown-linux-gnu
configure:4583: checking host system type
configure:4596: result: x86_64-unknown-linux-gnu
configure:4637: checking how to print strings
configure:4664: result: printf
configure:4685: checking for a sed that does not truncate output
configure:4749: result: /usr/bin/sed
configure:4767: checking for grep that handles long lines and -e
configure:4825: result: /usr/bin/grep
configure:4830: checking for egrep
configure:4892: result: /usr/bin/grep -E
configure:4897: checking for fgrep
configure:4959: result: /usr/bin/grep -F
configure:4994: checking for ld used by gcc
configure:5061: result: /usr/bin/ld
configure:5068: checking if the linker (/usr/bin/ld) is GNU ld
configure:5083: result: yes
configure:5095: checking for BSD- or MS-compatible name lister (nm)
configure:5144: result: /usr/bin/nm -B
configure:5274: checking the name lister (/usr/bin/nm -B) interface
configure:5281: g++ -c -g -O2  conftest.cpp >&5
configure:5284: /usr/bin/nm -B "conftest.o"
configure:5287: output
0000000000000000 B some_variable
configure:5294: result: BSD nm
configure:5297: checking whether ln -s works
configure:5301: result: yes
configure:5309: checking the maximum length of command line arguments
configure:5439: result: 1572864
configure:5456: checking whether the shell understands some XSI constructs
configure:5466: result: yes
configure:5470: checking whether the shell understands "+="
configure:5476: result: yes
configure:5511: checking how to convert x86_64-unknown-linux-gnu file names to x86_64-unknown-linux-gnu format
configure:5551: result: func_convert_file_noop
configure:5558: checking how to convert x86_64-unknown-linux-gnu file names to toolchain format
configure:5578: result: func_convert_file_noop
configure:5585: checking for /usr/bin/ld option to reload object files
configure:5592: result: -r
configure:5666: checking for objdump
configure:5682: found /usr/bin/objdump
configure:5693: result: objdump
configure:5725: checking how to recognize dependent libraries
configure:5927: result: pass_all
configure:6012: checking for dlltool
configure:6042: result: no
configure:6072: checking how to associate runtime and link libraries
configure:6099: result: printf %s\n
configure:6160: checking for ar
configure:6176: found /usr/bin/ar
configure:6187: result: ar
configure:6224: checking for archiver @FILE support
configure:6241: g++ -c -g -O2  conftest.cpp >&5
configure:6241: $? = 0
configure:6244: ar cru libconftest.a @conftest.lst >&5
ar: `u' modifier ignored since `D' is the default (see `U')
configure:6247: $? = 0
configure:6252: ar cru libconftest.a @conftest.lst >&5
ar: `u' modifier ignored since `D' is the default (see `U')
ar: conftest.o: No such file or directory
configure:6255: $? = 1
configure:6267: result: @
configure:6325: checking for strip
configure:6341: found /usr/bin/strip
configure:6352: result: strip
configure:6424: checking for ranlib
configure:6440: found /usr/bin/ranlib
configure:6451: result: ranlib
configure:6553: checking command to parse /usr/bin/nm -B output from gcc object
configure:6673: g++ -c -g -O2  conftest.cpp >&5
configure:6676: $? = 0
configure:6680: /usr/bin/nm -B conftest.o \| sed -n -e 's/^.*[ ]\([ABCDGIRSTW][ABCDGIRSTW]*\)[ ][ ]*\([_A-Za-z][_A-Za-z0-9]*\)$/\1 \2 \2/p' | sed '/ __gnu_lto/d' \> conftest.nm
configure:6683: $? = 0
configure:6749: g++ -o conftest -g -O2   conftest.cpp conftstm.o >&5
configure:6752: $? = 0
configure:6790: result: ok
configure:6827: checking for sysroot
configure:6857: result: no
configure:6935: g++ -c -g -O2  conftest.cpp >&5
configure:6938: $? = 0
configure:7114: checking for mt
configure:7130: found /usr/bin/mt
configure:7141: result: mt
configure:7164: checking if mt is a manifest tool
configure:7170: mt '-?'
configure:7178: result: no
configure:7816: checking for ANSI C header files
configure:7836: g++ -c -g -O2  conftest.cpp >&5
configure:7836: $? = 0
configure:7909: g++ -o conftest -g -O2   conftest.cpp  >&5
configure:7909: $? = 0
configure:7909: ./conftest
configure:7909: $? = 0
configure:7920: result: yes
configure:7933: checking for sys/types.h
configure:7933: g++ -c -g -O2  conftest.cpp >&5
configure:7933: $? = 0
configure:7933: result: yes
configure:7933: checking for sys/stat.h
configure:7933: g++ -c -g -O2  conftest.cpp >&5
configure:7933: $? = 0
configure:7933: result: yes
configure:7933: checking for stdlib.h
configure:7933: g++ -c -g -O2  conftest.cpp >&5
configure:7933: $? = 0
configure:7933: result: yes
configure:7933: checking for string.h
configure:7933: g++ -c -g -O2  conftest.cpp >&5
configure:7933: $? = 0
configure:7933: result: yes
configure:7933: checking for memory.h
configure:7933: g++ -c -g -O2  conftest.cpp >&5
configure:7933: $? = 0
configure:7933: result: yes
configure:7933: checking for strings.h
configure:7933: g++ -c -g -O2  conftest.cpp >&5
configure:7933: $? = 0
configure:7933: result: yes
configure:7933: checking for inttypes.h
configure:7933: g++ -c -g -O2  conftest.cpp >&5
configure:7933: $? = 0
configure:7933: result: yes
configure:7933: checking for stdint.h
configure:7933: g++ -c -g -O2  conftest.cpp >&5
configure:7933: $? = 0
configure:7933: result: yes
configure:7933: checking for unistd.h
configure:7933: g++ -c -g -O2  conftest.cpp >&5
configure:7933: $? = 0
configure:7933: result: yes
configure:7947: checking for dlfcn.h
configure:7947: g++ -c -g -O2  conftest.cpp >&5
configure:7947: $? = 0
configure:7947: result: yes
configure:8163: checking for objdir
configure:8178: result: .libs
configure:8445: checking if gcc supports -fno-rtti -fno-exceptions
configure:8463: gcc -c -g -O2  -fno-rtti -fno-exceptions conftest.c >&5
cc1: warning: command line option '-fno-rtti' is valid for C++/ObjC++ but not for C
configure:8467: $? = 0
configure:8480: result: no
configure:8807: checking for gcc option to produce PIC
configure:8814: result: -fPIC -DPIC
configure:8822: checking if gcc PIC flag -fPIC -DPIC works
configure:8840: gcc -c -g -O2  -fPIC -DPIC -DPIC conftest.c >&5
configure:8844: $? = 0
configure:8857: result: yes
configure:8886: checking if gcc static flag -static works
configure:8914: result: yes
configure:8929: checking if gcc supports -c -o file.o
configure:8950: gcc -c -g -O2  -o out/conftest2.o conftest.c >&5
configure:8954: $? = 0
configure:8976: result: yes
configure:8984: checking if gcc supports -c -o file.o
configure:9031: result: yes
configure:9064: checking whether the gcc linker (/usr/bin/ld -m elf_x86_64) supports shared libraries
configure:10217: result: yes
configure:10254: checking whether -lc should be explicitly linked in
configure:10262: gcc -c -g -O2  conftest.c >&5
configure:10265: $? = 0
configure:10280: gcc -shared  -fPIC -DPIC conftest.o  -v -Wl,-soname -Wl,conftest -o conftest 2\>\&1 \| /usr/bin/grep  -lc  \>/dev/null 2\>\&1
configure:10283: $? = 0
configure:10297: result: no
configure:10457: checking dynamic linker characteristics
configure:10968: gcc -o conftest -g -O2   -Wl,-rpath -Wl,/foo conftest.c  >&5
configure:10968: $? = 0
configure:11190: result: GNU/Linux ld.so
configure:11297: checking how to hardcode library paths into programs
configure:11322: result: immediate
configure:11862: checking whether stripping libraries is possible
configure:11867: result: yes
configure:11902: checking if libtool supports shared libraries
configure:11904: result: yes
configure:11907: checking whether to build shared libraries
configure:11928: result: yes
configure:11931: checking whether to build static libraries
configure:11935: result: yes
configure:11958: checking how to run the C++ preprocessor
configure:12024: result: g++ -E
configure:12044: g++ -E  conftest.cpp
configure:12044: $? = 0
configure:12058: g++ -E  conftest.cpp
conftest.cpp:23:28: fatal error: ac_nonexistent.h: No such file or directory
 #include <ac_nonexistent.h>
                            ^
compilation terminated.
configure:12058: $? = 1
configure: failed program was:
| /* confdefs.h */
| #define PACKAGE_NAME "atque"
| #define PACKAGE_TARNAME "atque"
| #define PACKAGE_VERSION "1.1.1"
| #define PACKAGE_STRING "atque 1.1.1"
| #define PACKAGE_BUGREPORT "http://sourceforge.net/tracker/?func=add&group_id=235817&atid=1097912 "
| #define PACKAGE_URL ""
| #define PACKAGE "atque"
| #define VERSION "1.1.1"
| #define STDC_HEADERS 1
| #define HAVE_SYS_TYPES_H 1
| #define HAVE_SYS_STAT_H 1
| #define HAVE_STDLIB_H 1
| #define HAVE_STRING_H 1
| #define HAVE_MEMORY_H 1
| #define HAVE_STRINGS_H 1
| #define HAVE_INTTYPES_H 1
| #define HAVE_STDINT_H 1
| #define HAVE_UNISTD_H 1
| #define HAVE_DLFCN_H 1
| #define LT_OBJDIR ".libs/"
| /* end confdefs.h.  */
| #include <ac_nonexistent.h>
configure:12227: checking for ld used by g++
configure:12294: result: /usr/bin/ld -m elf_x86_64
configure:12301: checking if the linker (/usr/bin/ld -m elf_x86_64) is GNU ld
configure:12316: result: yes
configure:12371: checking whether the g++ linker (/usr/bin/ld -m elf_x86_64) supports shared libraries
configure:13376: result: yes
configure:13412: g++ -c -g -O2  conftest.cpp >&5
configure:13415: $? = 0
configure:13935: checking for g++ option to produce PIC
configure:13942: result: -fPIC -DPIC
configure:13950: checking if g++ PIC flag -fPIC -DPIC works
configure:13968: g++ -c -g -O2  -fPIC -DPIC -DPIC conftest.cpp >&5
configure:13972: $? = 0
configure:13985: result: yes
configure:14008: checking if g++ static flag -static works
configure:14036: result: yes
configure:14048: checking if g++ supports -c -o file.o
configure:14069: g++ -c -g -O2  -o out/conftest2.o conftest.cpp >&5
configure:14073: $? = 0
configure:14095: result: yes
configure:14100: checking if g++ supports -c -o file.o
configure:14147: result: yes
configure:14177: checking whether the g++ linker (/usr/bin/ld -m elf_x86_64) supports shared libraries
configure:14213: result: yes
configure:14354: checking dynamic linker characteristics
configure:15021: result: GNU/Linux ld.so
configure:15074: checking how to hardcode library paths into programs
configure:15099: result: immediate
configure:15266: checking ferro/Wadfile.h usability
configure:15266: g++ -c -g -O2  conftest.cpp >&5
configure:15266: $? = 0
configure:15266: result: yes
configure:15266: checking ferro/Wadfile.h presence
configure:15266: g++ -E  conftest.cpp
configure:15266: $? = 0
configure:15266: result: yes
configure:15266: checking for ferro/Wadfile.h
configure:15266: result: yes
configure:15278: checking for main in -lferro
configure:15297: g++ -o conftest -g -O2   conftest.cpp -lferro   >&5
configure:15297: $? = 0
configure:15306: result: yes
configure:15317: checking sndfile.h usability
configure:15317: g++ -c -g -O2  conftest.cpp >&5
configure:15317: $? = 0
configure:15317: result: yes
configure:15317: checking sndfile.h presence
configure:15317: g++ -E  conftest.cpp
configure:15317: $? = 0
configure:15317: result: yes
configure:15317: checking for sndfile.h
configure:15317: result: yes
configure:15329: checking for sf_open in -lsndfile
configure:15354: g++ -o conftest -g -O2   conftest.cpp -lsndfile  -lferro  >&5
configure:15354: $? = 0
configure:15363: result: yes
configure:15420: checking for boostlib >= 1.33.1
configure:15489: g++ -c -g -O2  -I/usr/include conftest.cpp >&5
configure:15489: $? = 0
configure:15491: result: yes
configure:15702: checking for wx-config
configure:15721: found /usr/bin/wx-config
configure:15734: result: /usr/bin/wx-config
configure:15749: checking for wxWidgets version >= 2.8.0
configure:15795: result: yes (version 3.0.2)
configure:15799: checking for wxWidgets static library
configure:15803: result: no
configure:16109: creating ./config.status

## ---------------------- ##
## Running config.status. ##
## ---------------------- ##

This file was extended by atque config.status 1.1.1, which was
generated by GNU Autoconf 2.68.  Invocation command line was

  CONFIG_FILES    = 
  CONFIG_HEADERS  = 
  CONFIG_LINKS    = 
  CONFIG_COMMANDS = 
  $ ./config.status 

on debian

config.status:1176: creating Makefile
config.status:1176: creating config.h
config.status:1357: config.h is unchanged
config.status:1405: executing depfiles commands
config.status:1405: executing libtool commands

## ---------------- ##
## Cache variables. ##
## ---------------- ##

ac_cv_build=x86_64-unknown-linux-gnu
ac_cv_c_compiler_gnu=yes
ac_cv_cxx_compiler_gnu=yes
ac_cv_env_CCC_set=
ac_cv_env_CCC_value=
ac_cv_env_CC_set=
ac_cv_env_CC_value=
ac_cv_env_CFLAGS_set=
ac_cv_env_CFLAGS_value=
ac_cv_env_CPPFLAGS_set=
ac_cv_env_CPPFLAGS_value=
ac_cv_env_CPP_set=
ac_cv_env_CPP_value=
ac_cv_env_CXXCPP_set=
ac_cv_env_CXXCPP_value=
ac_cv_env_CXXFLAGS_set=
ac_cv_env_CXXFLAGS_value=
ac_cv_env_CXX_set=
ac_cv_env_CXX_value=
ac_cv_env_LDFLAGS_set=
ac_cv_env_LDFLAGS_value=
ac_cv_env_LIBS_set=
ac_cv_env_LIBS_value=
ac_cv_env_build_alias_set=
ac_cv_env_build_alias_value=
ac_cv_env_host_alias_set=
ac_cv_env_host_alias_value=
ac_cv_env_target_alias_set=
ac_cv_env_target_alias_value=
ac_cv_header_dlfcn_h=yes
ac_cv_header_ferro_Wadfile_h=yes
ac_cv_header_inttypes_h=yes
ac_cv_header_memory_h=yes
ac_cv_header_sndfile_h=yes
ac_cv_header_stdc=yes
ac_cv_header_stdint_h=yes
ac_cv_header_stdlib_h=yes
ac_cv_header_string_h=yes
ac_cv_header_strings_h=yes
ac_cv_header_sys_stat_h=yes
ac_cv_header_sys_types_h=yes
ac_cv_header_unistd_h=yes
ac_cv_host=x86_64-unknown-linux-gnu
ac_cv_lib_ferro_main=yes
ac_cv_lib_sndfile_sf_open=yes
ac_cv_objext=o
ac_cv_path_EGREP='/usr/bin/grep -E'
ac_cv_path_FGREP='/usr/bin/grep -F'
ac_cv_path_GREP=/usr/bin/grep
ac_cv_path_SED=/usr/bin/sed
ac_cv_path_WX_CONFIG_PATH=/usr/bin/wx-config
ac_cv_path_install='/usr/bin/install -c'
ac_cv_path_mkdir=/usr/bin/mkdir
ac_cv_prog_AWK=gawk
ac_cv_prog_CPP='gcc -E'
ac_cv_prog_CXXCPP='g++ -E'
ac_cv_prog_ac_ct_AR=ar
ac_cv_prog_ac_ct_CC=gcc
ac_cv_prog_ac_ct_CXX=g++
ac_cv_prog_ac_ct_MANIFEST_TOOL=mt
ac_cv_prog_ac_ct_OBJDUMP=objdump
ac_cv_prog_ac_ct_RANLIB=ranlib
ac_cv_prog_ac_ct_STRIP=strip
ac_cv_prog_cc_c89=
ac_cv_prog_cc_g=yes
ac_cv_prog_cxx_g=yes
ac_cv_prog_make_make_set=yes
am_cv_CC_dependencies_compiler_type=gcc3
am_cv_CXX_dependencies_compiler_type=gcc3
lt_cv_ar_at_file=@
lt_cv_archive_cmds_need_lc=no
lt_cv_deplibs_check_method=pass_all
lt_cv_file_magic_cmd='$MAGIC_CMD'
lt_cv_file_magic_test_file=
lt_cv_ld_reload_flag=-r
lt_cv_nm_interface='BSD nm'
lt_cv_objdir=.libs
lt_cv_path_LD=/usr/bin/ld
lt_cv_path_LDCXX='/usr/bin/ld -m elf_x86_64'
lt_cv_path_NM='/usr/bin/nm -B'
lt_cv_path_mainfest_tool=no
lt_cv_prog_compiler_c_o=yes
lt_cv_prog_compiler_c_o_CXX=yes
lt_cv_prog_compiler_pic='-fPIC -DPIC'
lt_cv_prog_compiler_pic_CXX='-fPIC -DPIC'
lt_cv_prog_compiler_pic_works=yes
lt_cv_prog_compiler_pic_works_CXX=yes
lt_cv_prog_compiler_rtti_exceptions=no
lt_cv_prog_compiler_static_works=yes
lt_cv_prog_compiler_static_works_CXX=yes
lt_cv_prog_gnu_ld=yes
lt_cv_prog_gnu_ldcxx=yes
lt_cv_sharedlib_from_linklib_cmd='printf %s\n'
lt_cv_shlibpath_overrides_runpath=yes
lt_cv_sys_global_symbol_pipe='sed -n -e '\''s/^.*[	 ]\([ABCDGIRSTW][ABCDGIRSTW]*\)[	 ][	 ]*\([_A-Za-z][_A-Za-z0-9]*\)$/\1 \2 \2/p'\'' | sed '\''/ __gnu_lto/d'\'''
lt_cv_sys_global_symbol_to_c_name_address='sed -n -e '\''s/^: \([^ ]*\)[ ]*$/  {\"\1\", (void *) 0},/p'\'' -e '\''s/^[ABCDGIRSTW]* \([^ ]*\) \([^ ]*\)$/  {"\2", (void *) \&\2},/p'\'''
lt_cv_sys_global_symbol_to_c_name_address_lib_prefix='sed -n -e '\''s/^: \([^ ]*\)[ ]*$/  {\"\1\", (void *) 0},/p'\'' -e '\''s/^[ABCDGIRSTW]* \([^ ]*\) \(lib[^ ]*\)$/  {"\2", (void *) \&\2},/p'\'' -e '\''s/^[ABCDGIRSTW]* \([^ ]*\) \([^ ]*\)$/  {"lib\2", (void *) \&\2},/p'\'''
lt_cv_sys_global_symbol_to_cdecl='sed -n -e '\''s/^T .* \(.*\)$/extern int \1();/p'\'' -e '\''s/^[ABCDGIRSTW]* .* \(.*\)$/extern char \1;/p'\'''
lt_cv_sys_max_cmd_len=1572864
lt_cv_to_host_file_cmd=func_convert_file_noop
lt_cv_to_tool_file_cmd=func_convert_file_noop

## ----------------- ##
## Output variables. ##
## ----------------- ##

ACLOCAL='${SHELL} /home/michiaki/git/atque/config/missing --run aclocal-1.11'
AMDEPBACKSLASH='\'
AMDEP_FALSE='#'
AMDEP_TRUE=''
AMTAR='${SHELL} /home/michiaki/git/atque/config/missing --run tar'
AR='ar'
AUTOCONF='${SHELL} /home/michiaki/git/atque/config/missing --run autoconf'
AUTOHEADER='${SHELL} /home/michiaki/git/atque/config/missing --run autoheader'
AUTOMAKE='${SHELL} /home/michiaki/git/atque/config/missing --run automake-1.11'
AWK='gawk'
BOOST_CPPFLAGS='-I/usr/include'
BOOST_LDFLAGS='-L/usr/lib64'
BUILD_ATQUEGUI_FALSE='#'
BUILD_ATQUEGUI_TRUE=''
CC='gcc'
CCDEPMODE='depmode=gcc3'
CFLAGS='-g -O2 -pthread'
CPP='gcc -E'
CPPFLAGS=' -I/usr/lib/x86_64-linux-gnu/wx/include/gtk2-unicode-3.0 -I/usr/include/wx-3.0 -D_FILE_OFFSET_BITS=64 -DWXUSINGDLL -D__WXGTK__'
CXX='g++'
CXXCPP='g++ -E'
CXXDEPMODE='depmode=gcc3'
CXXFLAGS='-g -O2 '
CYGPATH_W='echo'
DEFS='-DHAVE_CONFIG_H'
DEPDIR='.deps'
DLLTOOL='false'
DSYMUTIL=''
DUMPBIN=''
ECHO_C=''
ECHO_N='-n'
ECHO_T=''
EGREP='/usr/bin/grep -E'
EXEEXT=''
FGREP='/usr/bin/grep -F'
GREP='/usr/bin/grep'
INSTALL_DATA='${INSTALL} -m 644'
INSTALL_PROGRAM='${INSTALL}'
INSTALL_SCRIPT='${INSTALL}'
INSTALL_STRIP_PROGRAM='$(install_sh) -c -s'
LD='/usr/bin/ld -m elf_x86_64'
LDFLAGS=''
LIBOBJS=''
LIBS='-lsndfile -lferro  -L/usr/lib/x86_64-linux-gnu -pthread   -lwx_gtk2u_xrc-3.0 -lwx_gtk2u_html-3.0 -lwx_gtk2u_qa-3.0 -lwx_gtk2u_adv-3.0 -lwx_gtk2u_core-3.0 -lwx_baseu_xml-3.0 -lwx_baseu_net-3.0 -lwx_baseu-3.0 '
LIBTOOL='$(SHELL) $(top_builddir)/libtool'
LIPO=''
LN_S='ln -s'
LTLIBOBJS=''
MAKEINFO='${SHELL} /home/michiaki/git/atque/config/missing --run makeinfo'
MAKE_WINDOWS_FALSE=''
MAKE_WINDOWS_TRUE='#'
MANIFEST_TOOL=':'
MKDIR_P='/usr/bin/mkdir -p'
NM='/usr/bin/nm -B'
NMEDIT=''
OBJDUMP='objdump'
OBJEXT='o'
OTOOL64=''
OTOOL=''
PACKAGE='atque'
PACKAGE_BUGREPORT='http://sourceforge.net/tracker/?func=add&group_id=235817&atid=1097912 '
PACKAGE_NAME='atque'
PACKAGE_STRING='atque 1.1.1'
PACKAGE_TARNAME='atque'
PACKAGE_URL=''
PACKAGE_VERSION='1.1.1'
PATH_SEPARATOR=':'
RANLIB='ranlib'
SED='/usr/bin/sed'
SET_MAKE=''
SHELL='/bin/bash'
STRIP='strip'
VERSION='1.1.1'
WINDRES=''
WX_CFLAGS='-I/usr/lib/x86_64-linux-gnu/wx/include/gtk2-unicode-3.0 -I/usr/include/wx-3.0 -D_FILE_OFFSET_BITS=64 -DWXUSINGDLL -D__WXGTK__ -pthread'
WX_CFLAGS_ONLY='-pthread'
WX_CONFIG_PATH='/usr/bin/wx-config'
WX_CPPFLAGS='-I/usr/lib/x86_64-linux-gnu/wx/include/gtk2-unicode-3.0 -I/usr/include/wx-3.0 -D_FILE_OFFSET_BITS=64 -DWXUSINGDLL -D__WXGTK__'
WX_CXXFLAGS='-I/usr/lib/x86_64-linux-gnu/wx/include/gtk2-unicode-3.0 -I/usr/include/wx-3.0 -D_FILE_OFFSET_BITS=64 -DWXUSINGDLL -D__WXGTK__ -pthread'
WX_CXXFLAGS_ONLY=''
WX_LIBS='-L/usr/lib/x86_64-linux-gnu -pthread   -lwx_gtk2u_xrc-3.0 -lwx_gtk2u_html-3.0 -lwx_gtk2u_qa-3.0 -lwx_gtk2u_adv-3.0 -lwx_gtk2u_core-3.0 -lwx_baseu_xml-3.0 -lwx_baseu_net-3.0 -lwx_baseu-3.0 '
WX_LIBS_STATIC=''
WX_RESCOMP=''
WX_VERSION='3.0.2'
WX_VERSION_MAJOR='3'
WX_VERSION_MICRO='2'
WX_VERSION_MINOR='0'
ac_ct_AR='ar'
ac_ct_CC='gcc'
ac_ct_CXX='g++'
ac_ct_DUMPBIN=''
am__EXEEXT_FALSE=''
am__EXEEXT_TRUE='#'
am__fastdepCC_FALSE='#'
am__fastdepCC_TRUE=''
am__fastdepCXX_FALSE='#'
am__fastdepCXX_TRUE=''
am__include='include'
am__isrc=''
am__leading_dot='.'
am__nodep='_no'
am__quote=''
am__tar='${AMTAR} chof - "$$tardir"'
am__untar='${AMTAR} xf -'
bindir='${exec_prefix}/bin'
build='x86_64-unknown-linux-gnu'
build_alias=''
build_cpu='x86_64'
build_os='linux-gnu'
build_vendor='unknown'
datadir='${datarootdir}'
datarootdir='${prefix}/share'
docdir='${datarootdir}/doc/${PACKAGE_TARNAME}'
dvidir='${docdir}'
exec_prefix='${prefix}'
host='x86_64-unknown-linux-gnu'
host_alias=''
host_cpu='x86_64'
host_os='linux-gnu'
host_vendor='unknown'
htmldir='${docdir}'
includedir='${prefix}/include'
infodir='${datarootdir}/info'
install_sh='${SHELL} /home/michiaki/git/atque/config/install-sh'
libdir='${exec_prefix}/lib'
libexecdir='${exec_prefix}/libexec'
localedir='${datarootdir}/locale'
localstatedir='${prefix}/var'
mandir='${datarootdir}/man'
mkdir_p='/usr/bin/mkdir -p'
oldincludedir='/usr/include'
pdfdir='${docdir}'
prefix='/usr/local'
program_transform_name='s,x,x,'
psdir='${docdir}'
sbindir='${exec_prefix}/sbin'
sharedstatedir='${prefix}/com'
sysconfdir='${prefix}/etc'
target_alias=''

## ----------- ##
## confdefs.h. ##
## ----------- ##

/* confdefs.h */
#define PACKAGE_NAME "atque"
#define PACKAGE_TARNAME "atque"
#define PACKAGE_VERSION "1.1.1"
#define PACKAGE_STRING "atque 1.1.1"
#define PACKAGE_BUGREPORT "http://sourceforge.net/tracker/?func=add&group_id=235817&atid=1097912 "
#define PACKAGE_URL ""
#define PACKAGE "atque"
#define VERSION "1.1.1"
#define STDC_HEADERS 1
#define HAVE_SYS_TYPES_H 1
#define HAVE_SYS_STAT_H 1
#define HAVE_STDLIB_H 1
#define HAVE_STRING_H 1
#define HAVE_MEMORY_H 1
#define HAVE_STRINGS_H 1
#define HAVE_INTTYPES_H 1
#define HAVE_STDINT_H 1
#define HAVE_UNISTD_H 1
#define HAVE_DLFCN_H 1
#define LT_OBJDIR ".libs/"
#define HAVE_FERRO_WADFILE_H 1
#define HAVE_SNDFILE_H 1
#define HAVE_BOOST /**/

configure: exit 0
